Removed Pin From Net: NetName=LVDS_CHANNEL_1_N Pin=J1-B1
Removed Pin From Net: NetName=LVDS_CHANNEL_1_P Pin=J1-B2
Removed Pin From Net: NetName=LVDS_CHANNEL_2_N Pin=J1-B3
Removed Pin From Net: NetName=LVDS_CHANNEL_3_P Pin=J1-B4
Removed Pin From Net: NetName=LVDS_CHANNEL_3_N Pin=J1-B5
Removed Pin From Net: NetName=LVDS_CHANNEL_2_P Pin=J1-B6
Removed Pin From Net: NetName=LVDS_CHANNEL_5_N Pin=J1-C1
Removed Pin From Net: NetName=LVDS_CHANNEL_5_P Pin=J1-C2
Removed Pin From Net: NetName=LVDS_CHANNEL_6_N Pin=J1-C3
Removed Pin From Net: NetName=LVDS_CHANNEL_7_P Pin=J1-C4
Removed Pin From Net: NetName=LVDS_CHANNEL_7_N Pin=J1-C5
Removed Pin From Net: NetName=LVDS_CHANNEL_6_P Pin=J1-C6
Added Pin To Net: NetName=LVDS_CHANNEL_1_P Pin=J1-B1
Added Pin To Net: NetName=LVDS_CHANNEL_1_N Pin=J1-B2
Added Pin To Net: NetName=LVDS_CHANNEL_2_P Pin=J1-B3
Added Pin To Net: NetName=LVDS_CHANNEL_2_N Pin=J1-B4
Added Pin To Net: NetName=LVDS_CHANNEL_3_P Pin=J1-B5
Added Pin To Net: NetName=LVDS_CHANNEL_3_N Pin=J1-B6
Added Pin To Net: NetName=LVDS_CHANNEL_5_P Pin=J1-C1
Added Pin To Net: NetName=LVDS_CHANNEL_5_N Pin=J1-C2
Added Pin To Net: NetName=LVDS_CHANNEL_6_P Pin=J1-C3
Added Pin To Net: NetName=LVDS_CHANNEL_6_N Pin=J1-C4
Added Pin To Net: NetName=LVDS_CHANNEL_7_P Pin=J1-C5
Added Pin To Net: NetName=LVDS_CHANNEL_7_N Pin=J1-C6
