Added Pin To Net: NetName=GND Pin=U?-D1
Added Pin To Net: NetName=1V8 Pin=U?-D6
Added Pin To Net: NetName=1V8 Pin=U?-E1
Added Pin To Net: NetName=GND Pin=U?-E6
Added Pin To Net: NetName=RAM_A0 Pin=U?-A1
Added Net: Name=RAM_A0
Added Pin To Net: NetName=RAM_A1 Pin=U2-K2
Added Pin To Net: NetName=RAM_A1 Pin=U?-A2
Added Net: Name=RAM_A1
Added Pin To Net: NetName=RAM_A2 Pin=U2-K1
Added Pin To Net: NetName=RAM_A2 Pin=U?-B2
Added Net: Name=RAM_A2
Added Pin To Net: NetName=RAM_A3 Pin=U2-K5
Added Pin To Net: NetName=RAM_A3 Pin=U?-A4
Added Net: Name=RAM_A3
Added Pin To Net: NetName=RAM_A4 Pin=U2-L5
Added Pin To Net: NetName=RAM_A4 Pin=U?-B4
Added Net: Name=RAM_A4
Added Pin To Net: NetName=RAM_A5 Pin=U2-L2
Added Pin To Net: NetName=RAM_A5 Pin=U?-C4
Added Net: Name=RAM_A5
Added Pin To Net: NetName=RAM_A6 Pin=U2-L1
Added Pin To Net: NetName=RAM_A6 Pin=U?-A5
Added Net: Name=RAM_A6
Added Pin To Net: NetName=RAM_A7 Pin=U2-L4
Added Pin To Net: NetName=RAM_A7 Pin=U?-B5
Added Net: Name=RAM_A7
Added Pin To Net: NetName=RAM_A8 Pin=U2-L3
Added Pin To Net: NetName=RAM_A8 Pin=U?-A6
Added Net: Name=RAM_A8
Added Pin To Net: NetName=RAM_A9 Pin=U2-M2
Added Pin To Net: NetName=RAM_A9 Pin=U?-H1
Added Net: Name=RAM_A9
Added Pin To Net: NetName=RAM_A10 Pin=U2-M1
Added Pin To Net: NetName=RAM_A10 Pin=U?-H2
Added Net: Name=RAM_A10
Added Pin To Net: NetName=RAM_A11 Pin=U2-M3
Added Pin To Net: NetName=RAM_A11 Pin=U?-H3
Added Net: Name=RAM_A11
Added Pin To Net: NetName=RAM_A12 Pin=U2-P2
Added Pin To Net: NetName=RAM_A12 Pin=U?-H4
Added Net: Name=RAM_A12
Added Pin To Net: NetName=RAM_A13 Pin=U2-P1
Added Pin To Net: NetName=RAM_A13 Pin=U?-H5
Added Net: Name=RAM_A13
Added Pin To Net: NetName=RAM_A14 Pin=U2-R2
Added Pin To Net: NetName=RAM_A14 Pin=U?-H6
Added Net: Name=RAM_A14
Added Pin To Net: NetName=RAM_A15 Pin=U2-T3
Added Pin To Net: NetName=RAM_A15 Pin=U?-G5
Added Net: Name=RAM_A15
Added Pin To Net: NetName=RAM_A16 Pin=U2-R3
Added Pin To Net: NetName=RAM_A16 Pin=U?-G4
Added Net: Name=RAM_A16
Added Pin To Net: NetName=RAM_A17 Pin=U2-M5
Added Pin To Net: NetName=RAM_A17 Pin=U?-F4
Added Net: Name=RAM_A17
Added Pin To Net: NetName=RAM_A18 Pin=U2-R4
Added Pin To Net: NetName=RAM_A18 Pin=U?-F3
Added Net: Name=RAM_A18
Added Pin To Net: NetName=RAM_C\E\ Pin=U2-T8
Added Pin To Net: NetName=RAM_C\E\ Pin=U?-G3
Added Net: Name=RAM_C\E\
Added Pin To Net: NetName=RAM_IO0 Pin=U2-V1
Added Pin To Net: NetName=RAM_IO0 Pin=U?-B6
Added Net: Name=RAM_IO0
Added Pin To Net: NetName=RAM_IO1 Pin=U2-T4
Added Pin To Net: NetName=RAM_IO1 Pin=U?-C6
Added Net: Name=RAM_IO1
Added Pin To Net: NetName=RAM_IO2 Pin=U2-P6
Added Pin To Net: NetName=RAM_IO2 Pin=U?-F6
Added Net: Name=RAM_IO2
Added Pin To Net: NetName=RAM_IO3 Pin=U2-P7
Added Pin To Net: NetName=RAM_IO3 Pin=U?-G6
Added Net: Name=RAM_IO3
Added Pin To Net: NetName=RAM_IO4 Pin=U2-U3
Added Pin To Net: NetName=RAM_IO4 Pin=U?-B1
Added Net: Name=RAM_IO4
Added Pin To Net: NetName=RAM_IO5 Pin=U2-V3
Added Pin To Net: NetName=RAM_IO5 Pin=U?-C1
Added Net: Name=RAM_IO5
Added Pin To Net: NetName=RAM_IO6 Pin=U2-U4
Added Pin To Net: NetName=RAM_IO6 Pin=U?-F1
Added Net: Name=RAM_IO6
Added Pin To Net: NetName=RAM_IO7 Pin=U2-V4
Added Pin To Net: NetName=RAM_IO7 Pin=U?-G1
Added Net: Name=RAM_IO7
Added Pin To Net: NetName=RAM_O\E\ Pin=U2-R8
Added Pin To Net: NetName=RAM_O\E\ Pin=U?-G2
Added Net: Name=RAM_O\E\
Added Pin To Net: NetName=RAM_W\E\ Pin=U2-V5
Added Pin To Net: NetName=RAM_W\E\ Pin=U?-B3
Added Net: Name=RAM_W\E\
