Removed Pin From Net: NetName=CAM_CLKA Pin=TP4-1
Removed Pin From Net: NetName=GND Pin=TP4-2
Removed Pin From Net: NetName=SDA Pin=TP4-3
Removed Pin From Net: NetName=SCL Pin=TP4-4
Removed Pin From Net: NetName=CAM_FLD Pin=TP4-5
Removed Pin From Net: NetName=CMOS_OE Pin=TP4-6
Removed Pin From Net: NetName=GND Pin=TP4-7
Removed Pin From Net: NetName=CAM_IO Pin=TP4-8
Removed Pin From Net: NetName=CAM_IO Pin=TP4-9
Removed Pin From Net: NetName=GND Pin=TP4-10
Removed Pin From Net: NetName=GND Pin=TP4-11
Removed Pin From Net: NetName=5V0 Pin=TP4-12
Removed Pin From Net: NetName=5V0 Pin=TP4-13
Removed Pin From Net: NetName=GND Pin=TP4-14
Removed Pin From Net: NetName=CAM_DIGITAL Pin=TP4-15
Removed Pin From Net: NetName=CAM_DIGITAL Pin=TP4-16
Removed Pin From Net: NetName=GND Pin=TP4-17
Removed Pin From Net: NetName=CAM_D11 Pin=TP5-1
Removed Pin From Net: NetName=CAM_D10 Pin=TP5-2
Removed Pin From Net: NetName=CAM_D9 Pin=TP5-3
Removed Pin From Net: NetName=CAM_D8 Pin=TP5-4
Removed Pin From Net: NetName=CAM_D7 Pin=TP5-5
Removed Pin From Net: NetName=CAM_D6 Pin=TP5-6
Removed Pin From Net: NetName=CAM_D5 Pin=TP5-7
Removed Pin From Net: NetName=CAM_D4 Pin=TP5-8
Removed Pin From Net: NetName=CAM_D3 Pin=TP5-9
Removed Pin From Net: NetName=CAM_D2 Pin=TP5-10
Removed Pin From Net: NetName=CAM_D1 Pin=TP5-11
Removed Pin From Net: NetName=CAM_D0 Pin=TP5-12
Removed Pin From Net: NetName=5V0 Pin=TP5-13
Removed Pin From Net: NetName=CAM_PCLK Pin=TP5-14
Removed Pin From Net: NetName=CAM_HS Pin=TP5-15
Removed Pin From Net: NetName=CAM_VS Pin=TP5-16
Removed Pin From Net: NetName=GND Pin=TP5-17
Added Pin To Net: NetName=GND Pin=TP4-1
Added Pin To Net: NetName=CAM_VS Pin=TP4-2
Added Pin To Net: NetName=CAM_HS Pin=TP4-3
Added Pin To Net: NetName=CAM_PCLK Pin=TP4-4
Added Pin To Net: NetName=5V0 Pin=TP4-5
Added Pin To Net: NetName=CAM_D0 Pin=TP4-6
Added Pin To Net: NetName=CAM_D1 Pin=TP4-7
Added Pin To Net: NetName=CAM_D2 Pin=TP4-8
Added Pin To Net: NetName=CAM_D3 Pin=TP4-9
Added Pin To Net: NetName=CAM_D4 Pin=TP4-10
Added Pin To Net: NetName=CAM_D5 Pin=TP4-11
Added Pin To Net: NetName=CAM_D6 Pin=TP4-12
Added Pin To Net: NetName=CAM_D7 Pin=TP4-13
Added Pin To Net: NetName=CAM_D8 Pin=TP4-14
Added Pin To Net: NetName=CAM_D9 Pin=TP4-15
Added Pin To Net: NetName=CAM_D10 Pin=TP4-16
Added Pin To Net: NetName=CAM_D11 Pin=TP4-17
Added Pin To Net: NetName=GND Pin=TP5-1
Added Pin To Net: NetName=CAM_DIGITAL Pin=TP5-2
Added Pin To Net: NetName=CAM_DIGITAL Pin=TP5-3
Added Pin To Net: NetName=GND Pin=TP5-4
Added Pin To Net: NetName=5V0 Pin=TP5-5
Added Pin To Net: NetName=5V0 Pin=TP5-6
Added Pin To Net: NetName=GND Pin=TP5-7
Added Pin To Net: NetName=GND Pin=TP5-8
Added Pin To Net: NetName=CAM_IO Pin=TP5-9
Added Pin To Net: NetName=CAM_IO Pin=TP5-10
Added Pin To Net: NetName=GND Pin=TP5-11
Added Pin To Net: NetName=CMOS_OE Pin=TP5-12
Added Pin To Net: NetName=CAM_FLD Pin=TP5-13
Added Pin To Net: NetName=SCL Pin=TP5-14
Added Pin To Net: NetName=SDA Pin=TP5-15
Added Pin To Net: NetName=GND Pin=TP5-16
Added Pin To Net: NetName=CAM_CLKA Pin=TP5-17
Added Member To Class: ClassName=M2FS FLS Data Formatter 8_14_2012 Member=Component R22 100
