Removed Pin From Net: NetName=CAM_D8 Pin=U2-A12
Removed Pin From Net: NetName=CAM_D9 Pin=U2-A14
Removed Pin From Net: NetName=CAM_D10 Pin=U2-A15
Removed Pin From Net: NetName=CAM_D11 Pin=U2-A16
Removed Pin From Net: NetName=CAM_D4 Pin=U2-A17
Removed Pin From Net: NetName=CAM_D1 Pin=U2-A18
Removed Pin From Net: NetName=CAM_PCLK Pin=U2-C9
Removed Pin From Net: NetName=CAM_D7 Pin=U2-C14
Removed Pin From Net: NetName=CAM_D2 Pin=U2-D12
Removed Pin From Net: NetName=CAM_D0 Pin=U2-D14
Removed Pin From Net: NetName=CAM_D5 Pin=U2-E12
Removed Pin From Net: NetName=CAM_D6 Pin=U2-E13
Removed Pin From Net: NetName=CAM_D3 Pin=U2-E14
Added Pin To Net: NetName=CAM_D7 Pin=U2-A12
Added Pin To Net: NetName=CAM_D4 Pin=U2-A14
Added Pin To Net: NetName=CAM_D2 Pin=U2-A15
Added Pin To Net: NetName=CAM_D1 Pin=U2-A16
Added Pin To Net: NetName=CAM_D0 Pin=U2-A17
Added Pin To Net: NetName=CAM_PCLK Pin=U2-A18
Added Pin To Net: NetName=CAM_D11 Pin=U2-C9
Added Pin To Net: NetName=CAM_D3 Pin=U2-C14
Added Pin To Net: NetName=CAM_D8 Pin=U2-D12
Added Pin To Net: NetName=CAM_D5 Pin=U2-D14
Added Pin To Net: NetName=CAM_D10 Pin=U2-E12
Added Pin To Net: NetName=CAM_D9 Pin=U2-E13
Added Pin To Net: NetName=CAM_D6 Pin=U2-E14
