Change Component Library : Designator=P1 Old Library=* New Library=FLS Data Formatter 8_14_2012.SCHLIB
Change Component Library : Designator=R8 Old Library=* New Library=FLS Data Formatter 8_14_2012.SCHLIB
Change Component Library : Designator=R9 Old Library=* New Library=FLS Data Formatter 8_14_2012.SCHLIB
Change Component Library : Designator=R25 Old Library=* New Library=FLS Data Formatter 8_14_2012.SCHLIB
Change Component Library : Designator=R26 Old Library=* New Library=FLS Data Formatter 8_14_2012.SCHLIB
Change Component Library : Designator=R27 Old Library=* New Library=FLS Data Formatter 8_14_2012.SCHLIB
Change Component Library : Designator=R30 Old Library=* New Library=FLS Data Formatter 8_14_2012.SCHLIB
Change Component Library : Designator=R31 Old Library=* New Library=FLS Data Formatter 8_14_2012.SCHLIB
Change Component Library : Designator=R32 Old Library=* New Library=FLS Data Formatter 8_14_2012.SCHLIB
Change Component Library : Designator=R33 Old Library=* New Library=FLS Data Formatter 8_14_2012.SCHLIB
Change Component Library : Designator=J2 Old Library=Backup of Alanb.lib New Library=FLS Data Formatter 8_14_2012.SCHLIB
Change Component Library : Designator=J3 Old Library=Backup of Alanb.lib New Library=FLS Data Formatter 8_14_2012.SCHLIB
Change Component Library : Designator=TP1 Old Library=FLS Data Formatter.SCHLIB New Library=FLS Data Formatter 8_14_2012.SCHLIB
Change Component Library : Designator=TP4 Old Library=FLS Data Formatter.SCHLIB New Library=FLS Data Formatter 8_14_2012.SCHLIB
Change Component Library : Designator=TP5 Old Library=FLS Data Formatter.SCHLIB New Library=FLS Data Formatter 8_14_2012.SCHLIB
Change Component Library : Designator=TP12 Old Library=FLS Data Formatter.SCHLIB New Library=FLS Data Formatter 8_14_2012.SCHLIB
Added Member To Class: ClassName=M2FS FLS Data Formatter 8_14_2012 Member=Component TP2 TP1
Added Member To Class: ClassName=M2FS FLS Data Formatter 8_14_2012 Member=Component TP3 TP1
Added Member To Class: ClassName=M2FS FLS Data Formatter 8_14_2012 Member=Component TP6 TP1
Added Member To Class: ClassName=M2FS FLS Data Formatter 8_14_2012 Member=Component TP7 TP1
