Change Port Electrical: Port=cam_d0 Old Type=Output New Type=I/O
Change Port Electrical: Port=cam_d1 Old Type=Output New Type=I/O
Change Port Electrical: Port=cam_d2 Old Type=Output New Type=I/O
Change Port Electrical: Port=cam_d3 Old Type=Output New Type=I/O
Change Port Electrical: Port=cam_d4 Old Type=Output New Type=I/O
Change Port Electrical: Port=cam_d5 Old Type=Output New Type=I/O
Change Port Electrical: Port=cam_d6 Old Type=Output New Type=I/O
Change Port Electrical: Port=cam_d7 Old Type=Output New Type=I/O
Change Port Electrical: Port=cam_d8 Old Type=Output New Type=I/O
Change Port Electrical: Port=cam_d9 Old Type=Output New Type=I/O
Change Port Electrical: Port=cam_d10 Old Type=Output New Type=I/O
Change Port Electrical: Port=cam_d11 Old Type=Output New Type=I/O
Change Port Electrical: Port=cam_hs Old Type=Output New Type=I/O
Change Port Electrical: Port=cam_pclk Old Type=Output New Type=I/O
Change Port Electrical: Port=cam_vs Old Type=Output New Type=I/O
Change Port Electrical: Port=cmos_oe Old Type=Input New Type=I/O
Change Port Electrical: Port=DTP Old Type=Output New Type=I/O
Change Port Electrical: Port=IO4 Old Type=Input New Type=I/O
Change Port Electrical: Port=IO5 Old Type=Input New Type=I/O
Change Port Electrical: Port=IO6 Old Type=Input New Type=I/O
Change Port Electrical: Port=IO7 Old Type=Input New Type=I/O
Change Port Electrical: Port=IO8 Old Type=Input New Type=I/O
Change Port Electrical: Port=IO9 Old Type=Input New Type=I/O
Change Port Electrical: Port=IO10 Old Type=Input New Type=I/O
Change Port Electrical: Port=IO11 Old Type=Input New Type=I/O
Change Port Electrical: Port=IO12 Old Type=Input New Type=I/O
Change Port Electrical: Port=IO13 Old Type=Input New Type=I/O
Change Port Electrical: Port=IO14 Old Type=Input New Type=I/O
Change Port Electrical: Port=IO15 Old Type=Input New Type=I/O
Change Port Electrical: Port=IO16 Old Type=Input New Type=I/O
Change Port Electrical: Port=PDWN Old Type=Output New Type=I/O
Change Port Electrical: Port=V17 Old Type=Output New Type=I/O
